{
  "generated_at": "2026-02-09T03:58:57Z",
  "rows": [
    {
      "id": "android-flutter-3.27.4-jdk17",
      "platform": "android",
      "requested": {
        "id": "android-flutter-3.27.4-jdk17",
        "platform": "android",
        "flutter_version": "3.27.4",
        "channel": "stable",
        "runs_on": "ubuntu-latest",
        "jdk": "17",
        "agp": "8.2.2",
        "gradle": "8.9",
        "kotlin": "1.9.24",
        "support_level": "minimum"
      },
      "detected": {
        "row_id": "android-flutter-3.27.4-jdk17",
        "runner_os": "Linux runnervmwffz4 6.11.0-1018-azure #18~24.04.1-Ubuntu SMP Sat Jun 28 04:46:03 UTC 2025 x86_64 x86_64 x86_64 GNU/Linux",
        "flutter_version": "Flutter 3.27.4 \u2022 channel stable \u2022 https://github.com/flutter/flutter.git",
        "dart_version": "3.6.2",
        "java_version": "openjdk version \"17.0.18\" 2026-01-20",
        "agp_version": "8.2.2",
        "kotlin_version": "1.8.22",
        "gradle_version": "8.9",
        "android_sdk_triplet": "",
        "xcode_version": "",
        "swift_version": "",
        "cocoapods_version": "",
        "ruby_version": "",
        "collected_at": "2026-02-09T03:55:16Z"
      },
      "outcome": "fail",
      "notes": "flutter build apk failed",
      "log_tail": "\nSupport for Android x86 targets will be removed in the next stable release after 3.27. See https://github.com/flutter/flutter/issues/157543 for details.\n[!] Your app isn't using AndroidX.\n    To avoid potential build failures, you can quickly migrate your app by following the steps on https://goo.gl/CP92wY .\nRunning Gradle task 'assembleDebug'...                          \n\nFAILURE: Build failed with an exception.\n\n* Where:\nBuild file '/home/runner/work/complycube-flutter-sdk/complycube-flutter-sdk/android/build.gradle' line: 10\n\n* What went wrong:\nA problem occurred evaluating root project 'android'.\n> Could not get unknown property 'artifactory_user' for Credentials [username: null] of type org.gradle.internal.credentials.DefaultPasswordCredentials_Decorated.\n\n* Try:\n> Run with --stacktrace option to get the stack trace.\n> Run with --info or --debug option to get more log output.\n> Run with --scan to get full insights.\n> Get more help at https://help.gradle.org.\n\nBUILD FAILED in 24s\nRunning Gradle task 'assembleDebug'...                             25.7s\nGradle task assembleDebug failed with exit code 1\n",
      "started_at": "2026-02-09T03:54:38Z",
      "ended_at": "2026-02-09T03:55:16Z"
    },
    {
      "id": "android-flutter-3.27.4-jdk21",
      "platform": "android",
      "requested": {
        "id": "android-flutter-3.27.4-jdk21",
        "platform": "android",
        "flutter_version": "3.27.4",
        "channel": "stable",
        "runs_on": "ubuntu-latest",
        "jdk": "21",
        "agp": "8.2.2",
        "gradle": "8.9",
        "kotlin": "1.9.24",
        "support_level": "best-effort"
      },
      "detected": {
        "row_id": "android-flutter-3.27.4-jdk21",
        "runner_os": "Linux runnervmwffz4 6.11.0-1018-azure #18~24.04.1-Ubuntu SMP Sat Jun 28 04:46:03 UTC 2025 x86_64 x86_64 x86_64 GNU/Linux",
        "flutter_version": "Flutter 3.27.4 \u2022 channel stable \u2022 https://github.com/flutter/flutter.git",
        "dart_version": "3.6.2",
        "java_version": "openjdk version \"21.0.10\" 2026-01-20 LTS",
        "agp_version": "8.2.2",
        "kotlin_version": "1.8.22",
        "gradle_version": "8.9",
        "android_sdk_triplet": "",
        "xcode_version": "",
        "swift_version": "",
        "cocoapods_version": "",
        "ruby_version": "",
        "collected_at": "2026-02-09T03:55:08Z"
      },
      "outcome": "fail",
      "notes": "flutter build apk failed",
      "log_tail": "\nSupport for Android x86 targets will be removed in the next stable release after 3.27. See https://github.com/flutter/flutter/issues/157543 for details.\n[!] Your app isn't using AndroidX.\n    To avoid potential build failures, you can quickly migrate your app by following the steps on https://goo.gl/CP92wY .\nRunning Gradle task 'assembleDebug'...                          \n\nFAILURE: Build failed with an exception.\n\n* Where:\nBuild file '/home/runner/work/complycube-flutter-sdk/complycube-flutter-sdk/android/build.gradle' line: 10\n\n* What went wrong:\nA problem occurred evaluating root project 'android'.\n> Could not get unknown property 'artifactory_user' for Credentials [username: null] of type org.gradle.internal.credentials.DefaultPasswordCredentials_Decorated.\n\n* Try:\n> Run with --stacktrace option to get the stack trace.\n> Run with --info or --debug option to get more log output.\n> Run with --scan to get full insights.\n> Get more help at https://help.gradle.org.\n\nBUILD FAILED in 18s\nRunning Gradle task 'assembleDebug'...                             19.0s\nGradle task assembleDebug failed with exit code 1\n",
      "started_at": "2026-02-09T03:54:41Z",
      "ended_at": "2026-02-09T03:55:08Z"
    },
    {
      "id": "android-flutter-3.29.3-jdk17",
      "platform": "android",
      "requested": {
        "id": "android-flutter-3.29.3-jdk17",
        "platform": "android",
        "flutter_version": "3.29.3",
        "channel": "stable",
        "runs_on": "ubuntu-latest",
        "jdk": "17",
        "agp": "8.2.2",
        "gradle": "8.9",
        "kotlin": "1.9.24",
        "support_level": "recommended"
      },
      "detected": {
        "row_id": "android-flutter-3.29.3-jdk17",
        "runner_os": "Linux runnervmwffz4 6.11.0-1018-azure #18~24.04.1-Ubuntu SMP Sat Jun 28 04:46:03 UTC 2025 x86_64 x86_64 x86_64 GNU/Linux",
        "flutter_version": "Flutter 3.29.3 \u2022 channel stable \u2022 https://github.com/flutter/flutter.git",
        "dart_version": "3.7.2",
        "java_version": "openjdk version \"17.0.18\" 2026-01-20",
        "agp_version": "8.2.2",
        "kotlin_version": "1.8.22",
        "gradle_version": "8.9",
        "android_sdk_triplet": "",
        "xcode_version": "",
        "swift_version": "",
        "cocoapods_version": "",
        "ruby_version": "",
        "collected_at": "2026-02-09T03:55:29Z"
      },
      "outcome": "fail",
      "notes": "flutter build apk failed",
      "log_tail": "\nSupport for Android x86 targets will be removed in the next stable release after 3.27. See https://github.com/flutter/flutter/issues/157543 for details.\n[!] Your app isn't using AndroidX.\n    To avoid potential build failures, you can quickly migrate your app by following the steps on https://goo.gl/CP92wY .\nRunning Gradle task 'assembleDebug'...                          \n\nFAILURE: Build failed with an exception.\n\n* Where:\nBuild file '/home/runner/work/complycube-flutter-sdk/complycube-flutter-sdk/android/build.gradle' line: 10\n\n* What went wrong:\nA problem occurred evaluating root project 'android'.\n> Could not get unknown property 'artifactory_user' for Credentials [username: null] of type org.gradle.internal.credentials.DefaultPasswordCredentials_Decorated.\n\n* Try:\n> Run with --stacktrace option to get the stack trace.\n> Run with --info or --debug option to get more log output.\n> Run with --scan to get full insights.\n> Get more help at https://help.gradle.org.\n\nBUILD FAILED in 35s\nRunning Gradle task 'assembleDebug'...                             36.5s\nGradle task assembleDebug failed with exit code 1\n",
      "started_at": "2026-02-09T03:54:43Z",
      "ended_at": "2026-02-09T03:55:29Z"
    },
    {
      "id": "android-flutter-3.29.3-jdk21",
      "platform": "android",
      "requested": {
        "id": "android-flutter-3.29.3-jdk21",
        "platform": "android",
        "flutter_version": "3.29.3",
        "channel": "stable",
        "runs_on": "ubuntu-latest",
        "jdk": "21",
        "agp": "8.2.2",
        "gradle": "8.9",
        "kotlin": "1.9.24",
        "support_level": "best-effort"
      },
      "detected": {
        "row_id": "android-flutter-3.29.3-jdk21",
        "runner_os": "Linux runnervmwffz4 6.11.0-1018-azure #18~24.04.1-Ubuntu SMP Sat Jun 28 04:46:03 UTC 2025 x86_64 x86_64 x86_64 GNU/Linux",
        "flutter_version": "Flutter 3.29.3 \u2022 channel stable \u2022 https://github.com/flutter/flutter.git",
        "dart_version": "3.7.2",
        "java_version": "openjdk version \"21.0.10\" 2026-01-20 LTS",
        "agp_version": "8.2.2",
        "kotlin_version": "1.8.22",
        "gradle_version": "8.9",
        "android_sdk_triplet": "",
        "xcode_version": "",
        "swift_version": "",
        "cocoapods_version": "",
        "ruby_version": "",
        "collected_at": "2026-02-09T03:55:20Z"
      },
      "outcome": "fail",
      "notes": "flutter build apk failed",
      "log_tail": "\nSupport for Android x86 targets will be removed in the next stable release after 3.27. See https://github.com/flutter/flutter/issues/157543 for details.\n[!] Your app isn't using AndroidX.\n    To avoid potential build failures, you can quickly migrate your app by following the steps on https://goo.gl/CP92wY .\nRunning Gradle task 'assembleDebug'...                          \n\nFAILURE: Build failed with an exception.\n\n* Where:\nBuild file '/home/runner/work/complycube-flutter-sdk/complycube-flutter-sdk/android/build.gradle' line: 10\n\n* What went wrong:\nA problem occurred evaluating root project 'android'.\n> Could not get unknown property 'artifactory_user' for Credentials [username: null] of type org.gradle.internal.credentials.DefaultPasswordCredentials_Decorated.\n\n* Try:\n> Run with --stacktrace option to get the stack trace.\n> Run with --info or --debug option to get more log output.\n> Run with --scan to get full insights.\n> Get more help at https://help.gradle.org.\n\nBUILD FAILED in 26s\nRunning Gradle task 'assembleDebug'...                             26.7s\nGradle task assembleDebug failed with exit code 1\n",
      "started_at": "2026-02-09T03:54:45Z",
      "ended_at": "2026-02-09T03:55:20Z"
    },
    {
      "id": "android-flutter-latest-stable-jdk17",
      "platform": "android",
      "requested": {
        "id": "android-flutter-latest-stable-jdk17",
        "platform": "android",
        "flutter_version": "stable",
        "channel": "stable",
        "runs_on": "ubuntu-latest",
        "jdk": "17",
        "agp": "8.2.2",
        "gradle": "8.9",
        "kotlin": "1.9.24",
        "support_level": "latest"
      },
      "detected": {
        "row_id": "android-flutter-latest-stable-jdk17",
        "runner_os": "Linux runnervmwffz4 6.11.0-1018-azure #18~24.04.1-Ubuntu SMP Sat Jun 28 04:46:03 UTC 2025 x86_64 x86_64 x86_64 GNU/Linux",
        "flutter_version": "Flutter 3.38.9 \u2022 channel stable \u2022 https://github.com/flutter/flutter.git",
        "dart_version": "3.10.8",
        "java_version": "openjdk version \"17.0.18\" 2026-01-20",
        "agp_version": "8.2.2",
        "kotlin_version": "1.8.22",
        "gradle_version": "8.9",
        "android_sdk_triplet": "",
        "xcode_version": "",
        "swift_version": "",
        "cocoapods_version": "",
        "ruby_version": "",
        "collected_at": "2026-02-09T03:55:11Z"
      },
      "outcome": "fail",
      "notes": "flutter build apk failed",
      "log_tail": "[!] Your app isn't using AndroidX.\n    To avoid potential build failures, you can quickly migrate your app by following the steps on https://docs.flutter.dev/release/breaking-changes/androidx-migration .\nRunning Gradle task 'assembleDebug'...                          \n\nFAILURE: Build failed with an exception.\n\n* Where:\nBuild file '/home/runner/work/complycube-flutter-sdk/complycube-flutter-sdk/android/build.gradle' line: 10\n\n* What went wrong:\nA problem occurred evaluating root project 'android'.\n> Could not get unknown property 'artifactory_user' for Credentials [username: null] of type org.gradle.internal.credentials.DefaultPasswordCredentials_Decorated.\n\n* Try:\n> Run with --stacktrace option to get the stack trace.\n> Run with --info or --debug option to get more log output.\n> Run with --scan to get full insights.\n> Get more help at https://help.gradle.org.\n\nBUILD FAILED in 10s\nRunning Gradle task 'assembleDebug'...                             11.3s\nGradle task assembleDebug failed with exit code 1\n",
      "started_at": "2026-02-09T03:54:52Z",
      "ended_at": "2026-02-09T03:55:11Z"
    },
    {
      "id": "android-flutter-latest-stable-jdk21",
      "platform": "android",
      "requested": {
        "id": "android-flutter-latest-stable-jdk21",
        "platform": "android",
        "flutter_version": "stable",
        "channel": "stable",
        "runs_on": "ubuntu-latest",
        "jdk": "21",
        "agp": "8.2.2",
        "gradle": "8.9",
        "kotlin": "1.9.24",
        "support_level": "best-effort"
      },
      "detected": {
        "row_id": "android-flutter-latest-stable-jdk21",
        "runner_os": "Linux runnervmwffz4 6.11.0-1018-azure #18~24.04.1-Ubuntu SMP Sat Jun 28 04:46:03 UTC 2025 x86_64 x86_64 x86_64 GNU/Linux",
        "flutter_version": "Flutter 3.38.9 \u2022 channel stable \u2022 https://github.com/flutter/flutter.git",
        "dart_version": "3.10.8",
        "java_version": "openjdk version \"21.0.10\" 2026-01-20 LTS",
        "agp_version": "8.2.2",
        "kotlin_version": "1.8.22",
        "gradle_version": "8.9",
        "android_sdk_triplet": "",
        "xcode_version": "",
        "swift_version": "",
        "cocoapods_version": "",
        "ruby_version": "",
        "collected_at": "2026-02-09T03:55:34Z"
      },
      "outcome": "fail",
      "notes": "flutter build apk failed",
      "log_tail": "[!] Your app isn't using AndroidX.\n    To avoid potential build failures, you can quickly migrate your app by following the steps on https://docs.flutter.dev/release/breaking-changes/androidx-migration .\nRunning Gradle task 'assembleDebug'...                          \n\nFAILURE: Build failed with an exception.\n\n* Where:\nBuild file '/home/runner/work/complycube-flutter-sdk/complycube-flutter-sdk/android/build.gradle' line: 10\n\n* What went wrong:\nA problem occurred evaluating root project 'android'.\n> Could not get unknown property 'artifactory_user' for Credentials [username: null] of type org.gradle.internal.credentials.DefaultPasswordCredentials_Decorated.\n\n* Try:\n> Run with --stacktrace option to get the stack trace.\n> Run with --info or --debug option to get more log output.\n> Run with --scan to get full insights.\n> Get more help at https://help.gradle.org.\n\nBUILD FAILED in 31s\nRunning Gradle task 'assembleDebug'...                             31.6s\nGradle task assembleDebug failed with exit code 1\n",
      "started_at": "2026-02-09T03:54:53Z",
      "ended_at": "2026-02-09T03:55:34Z"
    },
    {
      "id": "ios-flutter-3.27.4",
      "platform": "ios",
      "requested": {
        "id": "ios-flutter-3.27.4",
        "platform": "ios",
        "flutter_version": "3.27.4",
        "channel": "stable",
        "runs_on": "macos-latest",
        "support_level": "best-effort"
      },
      "detected": {
        "row_id": "ios-flutter-3.27.4",
        "runner_os": "Darwin iad20-fj926-d4c2b8bc-0bb2-4ad4-a1b7-0752ba091693-0E800A3AA0B1.local 24.6.0 Darwin Kernel Version 24.6.0: Wed Nov  5 21:32:20 PST 2025; root:xnu-11417.140.69.705.2~1/RELEASE_ARM64_VMAPPLE arm64",
        "flutter_version": "Flutter 3.27.4 \u2022 channel stable \u2022 https://github.com/flutter/flutter.git",
        "dart_version": "3.6.2",
        "java_version": "openjdk version \"21.0.9\" 2025-10-21 LTS",
        "agp_version": "8.2.2",
        "kotlin_version": "1.8.22",
        "gradle_version": "8.9",
        "android_sdk_triplet": "",
        "xcode_version": "Xcode 16.4 Build version 16F6",
        "swift_version": "Apple Swift version 6.1.2 (swiftlang-6.1.2.1.2 clang-1700.0.13.5)",
        "cocoapods_version": "1.16.2",
        "ruby_version": "ruby 3.3.10 (2025-10-23 revision 343ea05002) [arm64-darwin24]",
        "collected_at": "2026-02-09T03:57:25Z"
      },
      "outcome": "pass",
      "notes": "",
      "log_tail": "< leak_tracker 10.0.7 (was 10.0.8) (11.0.2 available)\n< leak_tracker_flutter_testing 3.0.8 (was 3.0.9) (3.0.10 available)\n  leak_tracker_testing 3.0.1 (3.0.2 available)\n  lints 2.1.1 (6.1.0 available)\n< matcher 0.12.16+1 (was 0.12.17) (0.12.18 available)\n  material_color_utilities 0.11.1 (0.13.0 available)\n< meta 1.15.0 (was 1.16.0) (1.18.1 available)\n< path 1.9.0 (was 1.9.1) (1.9.1 available)\n< platform 3.1.5 (was 3.1.6) (3.1.6 available)\n< process 5.0.2 (was 5.0.3) (5.0.5 available)\n< source_span 1.10.0 (was 1.10.1) (1.10.2 available)\n< stack_trace 1.12.0 (was 1.12.1) (1.12.1 available)\n< stream_channel 2.1.2 (was 2.1.4) (2.1.4 available)\n< string_scanner 1.3.0 (was 1.4.1) (1.4.1 available)\n< term_glyph 1.2.1 (was 1.2.2) (1.2.2 available)\n< test_api 0.7.3 (was 0.7.4) (0.7.9 available)\n  vector_math 2.1.4 (2.2.0 available)\n< vm_service 14.3.0 (was 14.3.1) (15.0.2 available)\n  webdriver 3.0.4 (3.1.0 available)\nChanged 21 dependencies!\n28 packages have newer versions incompatible with dependency constraints.\nTry `flutter pub outdated` for more information.\n\n\u001b[1mFlutter Doctor Check\u001b[0m\n[\u2713] Flutter (Channel stable, 3.27.4, on macOS 15.7.3 24G419 darwin-arm64, locale en-US)\n    \u2022 Flutter version 3.27.4 on channel stable at /Users/runner/hostedtoolcache/flutter/stable-3.27.4-arm64\n    \u2022 Upstream repository https://github.com/flutter/flutter.git\n    \u2022 Framework revision d8a9f9a52e (1 year ago), 2025-01-31 16:07:18 -0500\n    \u2022 Engine revision 82bd5b7209\n    \u2022 Dart version 3.6.2\n    \u2022 DevTools version 2.40.3\n\n[!] Android toolchain - develop for Android devices (Android SDK version 36.1.0)\n    \u2022 Android SDK at /Users/runner/Library/Android/sdk\n    \u2022 Platform android-36-ext19, build-tools 36.1.0\n    \u2022 ANDROID_HOME = /Users/runner/Library/Android/sdk\n    \u2022 ANDROID_SDK_ROOT = /Users/runner/Library/Android/sdk\n    \u2022 Java binary at: /Users/runner/hostedtoolcache/Java_Temurin-Hotspot_jdk/21.0.9-10.0/arm64/Contents/Home/bin/java\n    \u2022 Java version OpenJDK Runtime Environment Temurin-21.0.9+10 (build 21.0.9+10-LTS)\n    ! Some Android licenses not accepted. To resolve this, run: flutter doctor --android-licenses\n\n[\u2713] Xcode - develop for iOS and macOS (Xcode 16.4)\n    \u2022 Xcode at /Applications/Xcode_16.4.app/Contents/Developer\n    \u2022 Build 16F6\n    \u2022 CocoaPods version 1.16.2\n\n[\u2713] Chrome - develop for the web\n    \u2022 Chrome at /Applications/Google Chrome.app/Contents/MacOS/Google Chrome\n\n[!] Android Studio (not installed)\n    \u2022 Android Studio not found; download from https://developer.android.com/studio/index.html\n      (or visit https://flutter.dev/to/macos-android-setup for detailed instructions).\n\n[\u2713] Connected device (3 available)\n    \u2022 macOS (desktop)                 \u2022 macos                 \u2022 darwin-arm64   \u2022 macOS 15.7.3 24G419 darwin-arm64\n    \u2022 Mac Designed for iPad (desktop) \u2022 mac-designed-for-ipad \u2022 darwin         \u2022 macOS 15.7.3 24G419 darwin-arm64\n    \u2022 Chrome (web)                    \u2022 chrome                \u2022 web-javascript \u2022 Google Chrome 144.0.7559.97\n\n[\u2713] Network resources\n    \u2022 All expected network resources are available.\n\n! Doctor found issues in 2 categories.\n\u001b[0;32m\u2714 flutter command is available\u001b[0m\n\n\u001b[1mJava / JDK\u001b[0m\n  Java version              : openjdk version \"21.0.9\" 2025-10-21 LTS\n\u001b[0;32m\u2714 Supported JDK version detected (>=17 <=21)\u001b[0m\n  JAVA_HOME                 : /Users/runner/hostedtoolcache/Java_Temurin-Hotspot_jdk/21.0.9-10.0/arm64/Contents/Home/\n\n\u001b[1mGradle Wrapper\u001b[0m\n  Found                     : android/gradle/wrapper/gradle-wrapper.properties\n  Gradle version (wrapper)  : 8.9\n\u001b[0;32m\u2714 Gradle wrapper version looks OK\u001b[0m\n\n\u001b[1mAndroid Gradle Plugin (AGP)\u001b[0m\n  AGP version               : 8.7.1\n\n\u001b[1mAndroid SDK Versions\u001b[0m\n\u001b[0;33m\u26a0 compileSdkVersion not found\u001b[0m\n\u001b[0;33m\u26a0 targetSdkVersion not found\u001b[0m\n  minSdkVersion             : 24\n  Android SDK path          : /Users/runner/Library/Android/sdk\n\u001b[0;32m\u2714 Android SDK platform looks OK (best effort)\u001b[0m\n\n\u001b[1mKotlin & Gradle Plugins\u001b[0m\n  Kotlin version            : \n\n\u001b[1miOS (macOS only)\u001b[0m\n  CocoaPods version         : 1.16.2\n\n\u001b[1mSummary\u001b[0m\nIf any of the items above are marked with a warning (\u26a0) or error (\u2716), please review the accompanying notes and adjust your setup accordingly.\nThis script is a helper and does not modify your system.\nAnalyzing dependencies\nDownloading dependencies\nInstalling ComplyCubeMobileSDK (2.0.2)\nInstalling FingerprintPro (2.11.0)\nInstalling Flutter (1.0.0)\nInstalling GooglePlaces (7.4.0)\nInstalling JWTDecode (2.6.3)\nInstalling Sentry (8.49.0)\nInstalling complycube (0.2.3)\nInstalling integration_test (0.0.1)\nInstalling lottie-ios (4.5.1)\nGenerating Pods project\nIntegrating client project\nPod installation complete! There are 3 dependencies from the Podfile and 9 total pods installed.\n\n[!] CocoaPods did not set the base configuration of your project because your project already has a custom config set. In order for CocoaPods integration to work at all, please either set the base configurations of the target `Runner` to `Target Support Files/Pods-Runner/Pods-Runner.profile.xcconfig` or include the `Target Support Files/Pods-Runner/Pods-Runner.profile.xcconfig` in your build configuration (`Flutter/Release.xcconfig`).\n\n===== flutter build ios --no-codesign =====\nWarning: Building for device with codesigning disabled. You will have to manually codesign before deploying to device.\nBuilding com.complycube.flutter.complycubeExample for device (ios-release)...\nWarning: Missing build name (CFBundleShortVersionString).\nWarning: Missing build number (CFBundleVersion).\nAction Required: You must set a build name and number in the pubspec.yaml file version field before submitting to the App Store.\nRunning pod install...                                           2,257ms\nRunning Xcode build...                                          \nXcode build done.                                           106.0s\n\u2713 Built build/ios/iphoneos/Runner.app (84.2MB)",
      "started_at": "2026-02-09T03:54:43Z",
      "ended_at": "2026-02-09T03:57:25Z"
    },
    {
      "id": "ios-flutter-3.29.3",
      "platform": "ios",
      "requested": {
        "id": "ios-flutter-3.29.3",
        "platform": "ios",
        "flutter_version": "3.29.3",
        "channel": "stable",
        "runs_on": "macos-latest",
        "support_level": "recommended"
      },
      "detected": {
        "row_id": "ios-flutter-3.29.3",
        "runner_os": "Darwin sjc20-cw714-bb3dad46-ee15-4998-ae43-903193ed0d8d-2A84C7540574.local 24.6.0 Darwin Kernel Version 24.6.0: Wed Nov  5 21:32:20 PST 2025; root:xnu-11417.140.69.705.2~1/RELEASE_ARM64_VMAPPLE arm64",
        "flutter_version": "Flutter 3.29.3 \u2022 channel stable \u2022 https://github.com/flutter/flutter.git",
        "dart_version": "3.7.2",
        "java_version": "openjdk version \"21.0.9\" 2025-10-21 LTS",
        "agp_version": "8.2.2",
        "kotlin_version": "1.8.22",
        "gradle_version": "8.9",
        "android_sdk_triplet": "",
        "xcode_version": "Xcode 16.4 Build version 16F6",
        "swift_version": "Apple Swift version 6.1.2 (swiftlang-6.1.2.1.2 clang-1700.0.13.5)",
        "cocoapods_version": "1.16.2",
        "ruby_version": "ruby 3.3.10 (2025-10-23 revision 343ea05002) [arm64-darwin24]",
        "collected_at": "2026-02-09T03:58:45Z"
      },
      "outcome": "pass",
      "notes": "",
      "log_tail": "  characters 1.4.0 (1.4.1 available)\n  complycube 1.0.2 (1.0.3 available)\n  fake_async 1.3.2 (1.3.3 available)\n  flutter_lints 2.0.3 (6.0.0 available)\n  leak_tracker 10.0.8 (11.0.2 available)\n  leak_tracker_flutter_testing 3.0.9 (3.0.10 available)\n  leak_tracker_testing 3.0.1 (3.0.2 available)\n  lints 2.1.1 (6.1.0 available)\n  matcher 0.12.17 (0.12.18 available)\n  material_color_utilities 0.11.1 (0.13.0 available)\n  meta 1.16.0 (1.18.1 available)\n  process 5.0.3 (5.0.5 available)\n  source_span 1.10.1 (1.10.2 available)\n  test_api 0.7.4 (0.7.9 available)\n  vector_math 2.1.4 (2.2.0 available)\n  vm_service 14.3.1 (15.0.2 available)\n  webdriver 3.0.4 (3.1.0 available)\nGot dependencies!\n18 packages have newer versions incompatible with dependency constraints.\nTry `flutter pub outdated` for more information.\n\n\u001b[1mFlutter Doctor Check\u001b[0m\n[\u2713] Flutter (Channel stable, 3.29.3, on macOS 15.7.3 24G419 darwin-arm64, locale en-US) [27.1s]\n    \u2022 Flutter version 3.29.3 on channel stable at /Users/runner/hostedtoolcache/flutter/stable-3.29.3-arm64\n    \u2022 Upstream repository https://github.com/flutter/flutter.git\n    \u2022 Framework revision ea121f8859 (10 months ago), 2025-04-11 19:10:07 +0000\n    \u2022 Engine revision cf56914b32\n    \u2022 Dart version 3.7.2\n    \u2022 DevTools version 2.42.3\n\n[!] Android toolchain - develop for Android devices (Android SDK version 36.1.0) [31.5s]\n    \u2022 Android SDK at /Users/runner/Library/Android/sdk\n    \u2022 Platform android-36-ext19, build-tools 36.1.0\n    \u2022 ANDROID_HOME = /Users/runner/Library/Android/sdk\n    \u2022 ANDROID_SDK_ROOT = /Users/runner/Library/Android/sdk\n    \u2022 Java binary at: /Users/runner/hostedtoolcache/Java_Temurin-Hotspot_jdk/21.0.9-10.0/arm64/Contents/Home/bin/java\n      This JDK is specified by the JAVA_HOME environment variable.\n      To manually set the JDK path, use: `flutter config --jdk-dir=\"path/to/jdk\"`.\n    \u2022 Java version OpenJDK Runtime Environment Temurin-21.0.9+10 (build 21.0.9+10-LTS)\n    ! Some Android licenses not accepted. To resolve this, run: flutter doctor --android-licenses\n\n[\u2713] Xcode - develop for iOS and macOS (Xcode 16.4) [31.4s]\n    \u2022 Xcode at /Applications/Xcode_16.4.app/Contents/Developer\n    \u2022 Build 16F6\n    \u2022 CocoaPods version 1.16.2\n\n[\u2713] Chrome - develop for the web [20ms]\n    \u2022 Chrome at /Applications/Google Chrome.app/Contents/MacOS/Google Chrome\n\n[!] Android Studio (not installed) [19ms]\n    \u2022 Android Studio not found; download from https://developer.android.com/studio/index.html\n      (or visit https://flutter.dev/to/macos-android-setup for detailed instructions).\n\n[\u2713] Connected device (3 available) [11.4s]\n    \u2022 macOS (desktop)                 \u2022 macos                 \u2022 darwin-arm64   \u2022 macOS 15.7.3 24G419 darwin-arm64\n    \u2022 Mac Designed for iPad (desktop) \u2022 mac-designed-for-ipad \u2022 darwin         \u2022 macOS 15.7.3 24G419 darwin-arm64\n    \u2022 Chrome (web)                    \u2022 chrome                \u2022 web-javascript \u2022 Google Chrome 144.0.7559.97\n\n[\u2713] Network resources [534ms]\n    \u2022 All expected network resources are available.\n\n! Doctor found issues in 2 categories.\n\u001b[0;32m\u2714 flutter command is available\u001b[0m\n\n\u001b[1mJava / JDK\u001b[0m\n  Java version              : openjdk version \"21.0.9\" 2025-10-21 LTS\n\u001b[0;32m\u2714 Supported JDK version detected (>=17 <=21)\u001b[0m\n  JAVA_HOME                 : /Users/runner/hostedtoolcache/Java_Temurin-Hotspot_jdk/21.0.9-10.0/arm64/Contents/Home/\n\n\u001b[1mGradle Wrapper\u001b[0m\n  Found                     : android/gradle/wrapper/gradle-wrapper.properties\n  Gradle version (wrapper)  : 8.9\n\u001b[0;32m\u2714 Gradle wrapper version looks OK\u001b[0m\n\n\u001b[1mAndroid Gradle Plugin (AGP)\u001b[0m\n  AGP version               : 8.7.1\n\n\u001b[1mAndroid SDK Versions\u001b[0m\n\u001b[0;33m\u26a0 compileSdkVersion not found\u001b[0m\n\u001b[0;33m\u26a0 targetSdkVersion not found\u001b[0m\n  minSdkVersion             : 24\n  Android SDK path          : /Users/runner/Library/Android/sdk\n\u001b[0;32m\u2714 Android SDK platform looks OK (best effort)\u001b[0m\n\n\u001b[1mKotlin & Gradle Plugins\u001b[0m\n  Kotlin version            : \n\n\u001b[1miOS (macOS only)\u001b[0m\n  CocoaPods version         : 1.16.2\n\n\u001b[1mSummary\u001b[0m\nIf any of the items above are marked with a warning (\u26a0) or error (\u2716), please review the accompanying notes and adjust your setup accordingly.\nThis script is a helper and does not modify your system.\nAnalyzing dependencies\nDownloading dependencies\nInstalling ComplyCubeMobileSDK (2.0.2)\nInstalling FingerprintPro (2.11.0)\nInstalling Flutter (1.0.0)\nInstalling GooglePlaces (7.4.0)\nInstalling JWTDecode (2.6.3)\nInstalling Sentry (8.49.0)\nInstalling complycube (0.2.3)\nInstalling integration_test (0.0.1)\nInstalling lottie-ios (4.5.1)\nGenerating Pods project\nIntegrating client project\nPod installation complete! There are 3 dependencies from the Podfile and 9 total pods installed.\n\n[!] CocoaPods did not set the base configuration of your project because your project already has a custom config set. In order for CocoaPods integration to work at all, please either set the base configurations of the target `Runner` to `Target Support Files/Pods-Runner/Pods-Runner.profile.xcconfig` or include the `Target Support Files/Pods-Runner/Pods-Runner.profile.xcconfig` in your build configuration (`Flutter/Release.xcconfig`).\n\n===== flutter build ios --no-codesign =====\nWarning: Building for device with codesigning disabled. You will have to manually codesign before deploying to device.\nBuilding com.complycube.flutter.complycubeExample for device (ios-release)...\nWarning: Missing build name (CFBundleShortVersionString).\nWarning: Missing build number (CFBundleVersion).\nAction Required: You must set a build name and number in the pubspec.yaml file version field before submitting to the App Store.\nRunning pod install...                                           2,666ms\nRunning Xcode build...                                          \nXcode build done.                                           138.0s\n\u2713 Built build/ios/iphoneos/Runner.app (84.2MB)",
      "started_at": "2026-02-09T03:55:18Z",
      "ended_at": "2026-02-09T03:58:45Z"
    },
    {
      "id": "ios-flutter-latest-stable",
      "platform": "ios",
      "requested": {
        "id": "ios-flutter-latest-stable",
        "platform": "ios",
        "flutter_version": "stable",
        "channel": "stable",
        "runs_on": "macos-latest",
        "support_level": "latest"
      },
      "detected": {
        "row_id": "ios-flutter-latest-stable",
        "runner_os": "Darwin iad20-eo1208-7f3da2a7-abec-460a-8ccd-e154cecfa52f-768ADA54946C.local 24.6.0 Darwin Kernel Version 24.6.0: Wed Nov  5 21:32:20 PST 2025; root:xnu-11417.140.69.705.2~1/RELEASE_ARM64_VMAPPLE arm64",
        "flutter_version": "Flutter 3.38.9 \u2022 channel stable \u2022 https://github.com/flutter/flutter.git",
        "dart_version": "3.10.8",
        "java_version": "openjdk version \"21.0.9\" 2025-10-21 LTS",
        "agp_version": "8.2.2",
        "kotlin_version": "1.8.22",
        "gradle_version": "8.9",
        "android_sdk_triplet": "",
        "xcode_version": "Xcode 16.4 Build version 16F6",
        "swift_version": "Apple Swift version 6.1.2 (swiftlang-6.1.2.1.2 clang-1700.0.13.5)",
        "cocoapods_version": "1.16.2",
        "ruby_version": "ruby 3.3.10 (2025-10-23 revision 343ea05002) [arm64-darwin24]",
        "collected_at": "2026-02-09T03:57:28Z"
      },
      "outcome": "pass",
      "notes": "",
      "log_tail": "  complycube 1.0.2 (1.0.3 available)\n> fake_async 1.3.3 (was 1.3.2)\n  flutter_lints 2.0.3 (6.0.0 available)\n> leak_tracker 11.0.2 (was 10.0.8)\n> leak_tracker_flutter_testing 3.0.10 (was 3.0.9)\n> leak_tracker_testing 3.0.2 (was 3.0.1)\n  lints 2.1.1 (6.1.0 available)\n  matcher 0.12.17 (0.12.18 available)\n  material_color_utilities 0.11.1 (0.13.0 available)\n> meta 1.17.0 (was 1.16.0) (1.18.1 available)\n  process 5.0.3 (5.0.5 available)\n  source_span 1.10.1 (1.10.2 available)\n> test_api 0.7.7 (was 0.7.4) (0.7.9 available)\n> vector_math 2.2.0 (was 2.1.4)\n  vm_service 14.3.1 (15.0.2 available)\n  webdriver 3.0.4 (3.1.0 available)\nChanged 7 dependencies!\n13 packages have newer versions incompatible with dependency constraints.\nTry `flutter pub outdated` for more information.\n\n\u001b[1mFlutter Doctor Check\u001b[0m\n[\u2713] Flutter (Channel stable, 3.38.9, on macOS 15.7.3 24G419 darwin-arm64, locale en-US) [14.1s]\n    \u2022 Flutter version 3.38.9 on channel stable at /Users/runner/hostedtoolcache/flutter/stable-3.38.9-arm64\n    \u2022 Upstream repository https://github.com/flutter/flutter.git\n    \u2022 Framework revision 67323de285 (11 days ago), 2026-01-28 13:43:12 -0800\n    \u2022 Engine revision 587c18f873\n    \u2022 Dart version 3.10.8\n    \u2022 DevTools version 2.51.1\n    \u2022 Feature flags: enable-web, enable-linux-desktop, enable-macos-desktop, enable-windows-desktop, enable-android, enable-ios, cli-animations, enable-native-assets, omit-legacy-version-file, enable-lldb-debugging\n\n[!] Android toolchain - develop for Android devices (Android SDK version 36.1.0) [18.4s]\n    \u2022 Android SDK at /Users/runner/Library/Android/sdk\n    \u2022 Emulator version 36.3.10.0 (build_id 14472402) (CL:N/A)\n    \u2022 Platform android-36-ext19, build-tools 36.1.0\n    \u2022 ANDROID_HOME = /Users/runner/Library/Android/sdk\n    \u2022 ANDROID_SDK_ROOT = /Users/runner/Library/Android/sdk\n    \u2022 Java binary at: /Users/runner/hostedtoolcache/Java_Temurin-Hotspot_jdk/21.0.9-10.0/arm64/Contents/Home/bin/java\n      This JDK is specified by the JAVA_HOME environment variable.\n      To manually set the JDK path, use: `flutter config --jdk-dir=\"path/to/jdk\"`.\n    \u2022 Java version OpenJDK Runtime Environment Temurin-21.0.9+10 (build 21.0.9+10-LTS)\n    ! Some Android licenses not accepted. To resolve this, run: flutter doctor --android-licenses\n\n[\u2713] Xcode - develop for iOS and macOS (Xcode 16.4) [18.6s]\n    \u2022 Xcode at /Applications/Xcode_16.4.app/Contents/Developer\n    \u2022 Build 16F6\n    \u2022 CocoaPods version 1.16.2\n\n[\u2713] Chrome - develop for the web [9ms]\n    \u2022 Chrome at /Applications/Google Chrome.app/Contents/MacOS/Google Chrome\n\n[\u2713] Connected device (2 available) [10.6s]\n    \u2022 macOS (desktop) \u2022 macos  \u2022 darwin-arm64   \u2022 macOS 15.7.3 24G419 darwin-arm64\n    \u2022 Chrome (web)    \u2022 chrome \u2022 web-javascript \u2022 Google Chrome 144.0.7559.97\n\n[\u2713] Network resources [161ms]\n    \u2022 All expected network resources are available.\n\n! Doctor found issues in 1 category.\n\u001b[0;32m\u2714 flutter command is available\u001b[0m\n\n\u001b[1mJava / JDK\u001b[0m\n  Java version              : openjdk version \"21.0.9\" 2025-10-21 LTS\n\u001b[0;32m\u2714 Supported JDK version detected (>=17 <=21)\u001b[0m\n  JAVA_HOME                 : /Users/runner/hostedtoolcache/Java_Temurin-Hotspot_jdk/21.0.9-10.0/arm64/Contents/Home/\n\n\u001b[1mGradle Wrapper\u001b[0m\n  Found                     : android/gradle/wrapper/gradle-wrapper.properties\n  Gradle version (wrapper)  : 8.9\n\u001b[0;32m\u2714 Gradle wrapper version looks OK\u001b[0m\n\n\u001b[1mAndroid Gradle Plugin (AGP)\u001b[0m\n  AGP version               : 8.7.1\n\n\u001b[1mAndroid SDK Versions\u001b[0m\n\u001b[0;33m\u26a0 compileSdkVersion not found\u001b[0m\n\u001b[0;33m\u26a0 targetSdkVersion not found\u001b[0m\n  minSdkVersion             : 24\n  Android SDK path          : /Users/runner/Library/Android/sdk\n\u001b[0;32m\u2714 Android SDK platform looks OK (best effort)\u001b[0m\n\n\u001b[1mKotlin & Gradle Plugins\u001b[0m\n  Kotlin version            : \n\n\u001b[1miOS (macOS only)\u001b[0m\n  CocoaPods version         : 1.16.2\n\n\u001b[1mSummary\u001b[0m\nIf any of the items above are marked with a warning (\u26a0) or error (\u2716), please review the accompanying notes and adjust your setup accordingly.\nThis script is a helper and does not modify your system.\nAnalyzing dependencies\nDownloading dependencies\nInstalling ComplyCubeMobileSDK (2.0.2)\nInstalling FingerprintPro (2.11.0)\nInstalling Flutter (1.0.0)\nInstalling GooglePlaces (7.4.0)\nInstalling JWTDecode (2.6.3)\nInstalling Sentry (8.49.0)\nInstalling complycube (0.2.3)\nInstalling integration_test (0.0.1)\nInstalling lottie-ios (4.5.1)\nGenerating Pods project\nIntegrating client project\nPod installation complete! There are 3 dependencies from the Podfile and 9 total pods installed.\n\n[!] CocoaPods did not set the base configuration of your project because your project already has a custom config set. In order for CocoaPods integration to work at all, please either set the base configurations of the target `Runner` to `Target Support Files/Pods-Runner/Pods-Runner.profile.xcconfig` or include the `Target Support Files/Pods-Runner/Pods-Runner.profile.xcconfig` in your build configuration (`Flutter/Release.xcconfig`).\n\n===== flutter build ios --no-codesign =====\nWarning: Building for device with codesigning disabled. You will have to manually codesign before deploying to device.\nBuilding com.complycube.flutter.complycubeExample for device (ios-release)...\nUpdating minimum iOS deployment target to 13.0.\nUpgrading project.pbxproj\nUpgrading AppFrameworkInfo.plist\nUpgrading Podfile\nWarning: Missing build name (CFBundleShortVersionString).\nWarning: Missing build number (CFBundleVersion).\nAction Required: You must set a build name and number in the pubspec.yaml file version field before submitting to the App Store.\nRunning pod install...                                           1,880ms\nRunning Xcode build...                                          \nXcode build done.                                           111.7s\n\u2713 Built build/ios/iphoneos/Runner.app (42.8MB)",
      "started_at": "2026-02-09T03:54:49Z",
      "ended_at": "2026-02-09T03:57:28Z"
    }
  ]
}